0 info it worked if it ends with ok
1 verbose cli [ '/usr/local/bin/node',
1 verbose cli   '/usr/local/bin/npm',
1 verbose cli   'i',
1 verbose cli   'docsify-cli',
1 verbose cli   '-g' ]
2 info using npm@3.10.10
3 info using node@v6.11.4
4 silly loadCurrentTree Starting
5 silly install loadCurrentTree
6 silly install readGlobalPackageData
7 silly fetchPackageMetaData docsify-cli
8 silly fetchNamedPackageData docsify-cli
9 silly mapToRegistry name docsify-cli
10 silly mapToRegistry using default registry
11 silly mapToRegistry registry http://npm.oa.com/
12 silly mapToRegistry data Result {
12 silly mapToRegistry   raw: 'docsify-cli',
12 silly mapToRegistry   scope: null,
12 silly mapToRegistry   escapedName: 'docsify-cli',
12 silly mapToRegistry   name: 'docsify-cli',
12 silly mapToRegistry   rawSpec: '',
12 silly mapToRegistry   spec: 'latest',
12 silly mapToRegistry   type: 'tag' }
13 silly mapToRegistry uri http://npm.oa.com/docsify-cli
14 verbose request uri http://npm.oa.com/docsify-cli
15 verbose request no auth needed
16 info attempt registry request try #1 at 11:49:59 AM
17 verbose request id 5ab47d38acb88a3d
18 http request GET http://npm.oa.com/docsify-cli
19 info retry will retry, error on last attempt: Error: getaddrinfo ENOTFOUND dev-proxy.oa.com dev-proxy.oa.com:8080
20 info attempt registry request try #2 at 11:50:11 AM
21 http request GET http://npm.oa.com/docsify-cli
22 info retry will retry, error on last attempt: Error: getaddrinfo ENOTFOUND dev-proxy.oa.com dev-proxy.oa.com:8080
23 info attempt registry request try #3 at 11:51:11 AM
24 http request GET http://npm.oa.com/docsify-cli
25 silly fetchPackageMetaData Error: getaddrinfo ENOTFOUND dev-proxy.oa.com dev-proxy.oa.com:8080
25 silly fetchPackageMetaData     at errnoException (dns.js:28:10)
25 silly fetchPackageMetaData     at GetAddrInfoReqWrap.onlookup [as oncomplete] (dns.js:76:26)
25 silly fetchPackageMetaData  error for docsify-cli { Error: getaddrinfo ENOTFOUND dev-proxy.oa.com dev-proxy.oa.com:8080
25 silly fetchPackageMetaData     at errnoException (dns.js:28:10)
25 silly fetchPackageMetaData     at GetAddrInfoReqWrap.onlookup [as oncomplete] (dns.js:76:26)
25 silly fetchPackageMetaData   code: 'ENOTFOUND',
25 silly fetchPackageMetaData   errno: 'ENOTFOUND',
25 silly fetchPackageMetaData   syscall: 'getaddrinfo',
25 silly fetchPackageMetaData   hostname: 'dev-proxy.oa.com',
25 silly fetchPackageMetaData   host: 'dev-proxy.oa.com',
25 silly fetchPackageMetaData   port: '8080' }
26 silly rollbackFailedOptional Starting
27 silly rollbackFailedOptional Finishing
28 silly runTopLevelLifecycles Finishing
29 silly install printInstalled
30 verbose stack Error: getaddrinfo ENOTFOUND dev-proxy.oa.com dev-proxy.oa.com:8080
30 verbose stack     at errnoException (dns.js:28:10)
30 verbose stack     at GetAddrInfoReqWrap.onlookup [as oncomplete] (dns.js:76:26)
31 verbose cwd /Users/hechaoyang/sourcecode/FedML-docs
32 error Darwin 18.0.0
33 error argv "/usr/local/bin/node" "/usr/local/bin/npm" "i" "docsify-cli" "-g"
34 error node v6.11.4
35 error npm  v3.10.10
36 error code ENOTFOUND
37 error errno ENOTFOUND
38 error syscall getaddrinfo
39 error network getaddrinfo ENOTFOUND dev-proxy.oa.com dev-proxy.oa.com:8080
40 error network This is most likely not a problem with npm itself
40 error network and is related to network connectivity.
40 error network In most cases you are behind a proxy or have bad network settings.
40 error network
40 error network If you are behind a proxy, please make sure that the
40 error network 'proxy' config is set properly.  See: 'npm help config'
41 verbose exit [ 1, true ]
